<?xml version="1.0" encoding="UTF-8"?>
<testsuite xmlns:xsi="http://www.w3.org/2001/XMLSchema-instance" xsi:noNamespaceSchemaLocation="https://maven.apache.org/surefire/maven-surefire-plugin/xsd/surefire-test-report.xsd" name="runner.PetStoreApiRegressionSuiteRunner" time="52.805" tests="17" errors="0" skipped="0" failures="5">
  <properties>
[...]
</properties>
  <testcase name="runScenario" classname="runner.PetStoreApiRegressionSuiteRunner" time="4.482"/>
  <testcase name="runScenario" classname="runner.PetStoreApiRegressionSuiteRunner" time="1.449"/>
  <testcase name="runScenario" classname="runner.PetStoreApiRegressionSuiteRunner" time="1.235">
    <failure message="1 expectation failed.&#10;Expected status code &lt;405&gt; but was &lt;200&gt;.&#10;" type="java.lang.AssertionError"><![CDATA[java.lang.AssertionError: 
1 expectation failed.
Expected status code <405> but was <200>.

]]></failure>
  </testcase>
  <testcase name="runScenario" classname="runner.PetStoreApiRegressionSuiteRunner" time="3.398"/>
  <testcase name="runScenario" classname="runner.PetStoreApiRegressionSuiteRunner" time="3.309"/>
  <testcase name="runScenario" classname="runner.PetStoreApiRegressionSuiteRunner" time="2.239"/>
  <testcase name="runScenario" classname="runner.PetStoreApiRegressionSuiteRunner" time="1.486"/>
  <testcase name="runScenario" classname="runner.PetStoreApiRegressionSuiteRunner" time="1.566"/>
  <testcase name="runScenario" classname="runner.PetStoreApiRegressionSuiteRunner" time="1.487">
    <failure message="1 expectation failed.&#10;Expected status code &lt;400&gt; but was &lt;200&gt;.&#10;" type="java.lang.AssertionError"><![CDATA[java.lang.AssertionError: 
1 expectation failed.
Expected status code <400> but was <200>.

]]></failure>
  </testcase>
  <testcase name="runScenario" classname="runner.PetStoreApiRegressionSuiteRunner" time="3.068"/>
  <testcase name="runScenario" classname="runner.PetStoreApiRegressionSuiteRunner" time="4.506"/>
  <testcase name="runScenario" classname="runner.PetStoreApiRegressionSuiteRunner" time="1.431">
    <failure message="1 expectation failed.&#10;Expected status code &lt;400&gt; but was &lt;404&gt;.&#10;" type="java.lang.AssertionError"><![CDATA[java.lang.AssertionError: 
1 expectation failed.
Expected status code <400> but was <404>.

]]></failure>
  </testcase>
  <testcase name="runScenario" classname="runner.PetStoreApiRegressionSuiteRunner" time="2.864"/>
  <testcase name="runScenario" classname="runner.PetStoreApiRegressionSuiteRunner" time="2.992">
    <failure message="1 expectation failed.&#10;Expected status code &lt;405&gt; but was &lt;200&gt;.&#10;" type="java.lang.AssertionError"><![CDATA[java.lang.AssertionError: 
1 expectation failed.
Expected status code <405> but was <200>.

]]></failure>
  </testcase>
  <testcase name="runScenario" classname="runner.PetStoreApiRegressionSuiteRunner" time="2.739"/>
  <testcase name="runScenario" classname="runner.PetStoreApiRegressionSuiteRunner" time="4.107"/>
  <testcase name="runScenario" classname="runner.PetStoreApiRegressionSuiteRunner" time="1.524">
    <failure message="1 expectation failed.&#10;Expected status code &lt;400&gt; but was &lt;404&gt;.&#10;" type="java.lang.AssertionError"><![CDATA[java.lang.AssertionError: 
1 expectation failed.
Expected status code <400> but was <404>.

]]></failure>
  </testcase>
</testsuite>