<?xml version="1.0" encoding="UTF-8"?>
<testsuite xmlns:xsi="http://www.w3.org/2001/XMLSchema-instance" xsi:noNamespaceSchemaLocation="https://maven.apache.org/surefire/maven-surefire-plugin/xsd/surefire-test-report.xsd" name="runner.PetStoreApiRegressionSuiteRunner" time="52.805" tests="17" errors="0" skipped="0" failures="5">
  <properties>
    <property name="java.specification.version" value="16"/>
    <property name="sun.jnu.encoding" value="UTF-8"/>
    <property name="java.class.path" value="/Users/Narmatha/apache-maven-3.9.6/boot/plexus-classworlds-2.7.0.jar"/>
    <property name="java.vm.vendor" value="Oracle Corporation"/>
    <property name="sun.arch.data.model" value="64"/>
    <property name="java.vendor.url" value="https://java.oracle.com/"/>
    <property name="user.timezone" value="Australia/Sydney"/>
    <property name="maven.conf" value="/Users/Narmatha/apache-maven-3.9.6/conf"/>
    <property name="java.vm.specification.version" value="16"/>
    <property name="os.name" value="Mac OS X"/>
    <property name="sun.java.launcher" value="SUN_STANDARD"/>
    <property name="user.country" value="AU"/>
    <property name="sun.boot.library.path" value="/Library/Java/JavaVirtualMachines/jdk-16.0.1.jdk/Contents/Home/lib"/>
    <property name="sun.java.command" value="org.codehaus.plexus.classworlds.launcher.Launcher clean verify"/>
    <property name="http.nonProxyHosts" value="local|*.local|169.254/16|*.169.254/16"/>
    <property name="jdk.debug" value="release"/>
    <property name="maven.home" value="/Users/Narmatha/apache-maven-3.9.6"/>
    <property name="sun.cpu.endian" value="little"/>
    <property name="user.home" value="/var/root"/>
    <property name="user.language" value="en"/>
    <property name="java.specification.vendor" value="Oracle Corporation"/>
    <property name="java.version.date" value="2021-04-20"/>
    <property name="java.home" value="/Library/Java/JavaVirtualMachines/jdk-16.0.1.jdk/Contents/Home"/>
    <property name="file.separator" value="/"/>
    <property name="java.vm.compressedOopsMode" value="Zero based"/>
    <property name="line.separator" value="&#10;"/>
    <property name="java.vm.specification.vendor" value="Oracle Corporation"/>
    <property name="java.specification.name" value="Java Platform API Specification"/>
    <property name="sun.management.compiler" value="HotSpot 64-Bit Tiered Compilers"/>
    <property name="ftp.nonProxyHosts" value="local|*.local|169.254/16|*.169.254/16"/>
    <property name="java.runtime.version" value="16.0.1+9-24"/>
    <property name="user.name" value="root"/>
    <property name="path.separator" value=":"/>
    <property name="os.version" value="11.1"/>
    <property name="java.runtime.name" value="Java(TM) SE Runtime Environment"/>
    <property name="file.encoding" value="UTF-8"/>
    <property name="guice.disable.misplaced.annotation.check" value="true"/>
    <property name="java.vm.name" value="Java HotSpot(TM) 64-Bit Server VM"/>
    <property name="java.vendor.url.bug" value="https://bugreport.java.com/bugreport/"/>
    <property name="java.io.tmpdir" value="/var/folders/zz/zyxvpxvq6csfxvn_n0000000000000/T/"/>
    <property name="java.version" value="16.0.1"/>
    <property name="user.dir" value="/Users/Narmatha/workspace_eclipse/PetStoreApiAutomation"/>
    <property name="os.arch" value="x86_64"/>
    <property name="maven.multiModuleProjectDirectory" value="/Users/Narmatha/workspace_eclipse/PetStoreApiAutomation"/>
    <property name="java.vm.specification.name" value="Java Virtual Machine Specification"/>
    <property name="java.library.path" value="/Users/Narmatha/Library/Java/Extensions:/Library/Java/Extensions:/Network/Library/Java/Extensions:/System/Library/Java/Extensions:/usr/lib/java:."/>
    <property name="java.vm.info" value="mixed mode, sharing"/>
    <property name="java.vendor" value="Oracle Corporation"/>
    <property name="java.vm.version" value="16.0.1+9-24"/>
    <property name="classworlds.conf" value="/Users/Narmatha/apache-maven-3.9.6/bin/m2.conf"/>
    <property name="sun.io.unicode.encoding" value="UnicodeBig"/>
    <property name="library.jansi.path" value="/Users/Narmatha/apache-maven-3.9.6/lib/jansi-native"/>
    <property name="socksNonProxyHosts" value="local|*.local|169.254/16|*.169.254/16"/>
    <property name="java.class.version" value="60.0"/>
  </properties>
  <testcase name="runScenario" classname="runner.PetStoreApiRegressionSuiteRunner" time="4.482"/>
  <testcase name="runScenario" classname="runner.PetStoreApiRegressionSuiteRunner" time="1.449"/>
  <testcase name="runScenario" classname="runner.PetStoreApiRegressionSuiteRunner" time="1.235">
    <failure message="1 expectation failed.&#10;Expected status code &lt;405&gt; but was &lt;200&gt;.&#10;" type="java.lang.AssertionError"><![CDATA[java.lang.AssertionError: 
1 expectation failed.
Expected status code <405> but was <200>.

]]></failure>
  </testcase>
  <testcase name="runScenario" classname="runner.PetStoreApiRegressionSuiteRunner" time="3.398"/>
  <testcase name="runScenario" classname="runner.PetStoreApiRegressionSuiteRunner" time="3.309"/>
  <testcase name="runScenario" classname="runner.PetStoreApiRegressionSuiteRunner" time="2.239"/>
  <testcase name="runScenario" classname="runner.PetStoreApiRegressionSuiteRunner" time="1.486"/>
  <testcase name="runScenario" classname="runner.PetStoreApiRegressionSuiteRunner" time="1.566"/>
  <testcase name="runScenario" classname="runner.PetStoreApiRegressionSuiteRunner" time="1.487">
    <failure message="1 expectation failed.&#10;Expected status code &lt;400&gt; but was &lt;200&gt;.&#10;" type="java.lang.AssertionError"><![CDATA[java.lang.AssertionError: 
1 expectation failed.
Expected status code <400> but was <200>.

]]></failure>
  </testcase>
  <testcase name="runScenario" classname="runner.PetStoreApiRegressionSuiteRunner" time="3.068"/>
  <testcase name="runScenario" classname="runner.PetStoreApiRegressionSuiteRunner" time="4.506"/>
  <testcase name="runScenario" classname="runner.PetStoreApiRegressionSuiteRunner" time="1.431">
    <failure message="1 expectation failed.&#10;Expected status code &lt;400&gt; but was &lt;404&gt;.&#10;" type="java.lang.AssertionError"><![CDATA[java.lang.AssertionError: 
1 expectation failed.
Expected status code <400> but was <404>.

]]></failure>
  </testcase>
  <testcase name="runScenario" classname="runner.PetStoreApiRegressionSuiteRunner" time="2.864"/>
  <testcase name="runScenario" classname="runner.PetStoreApiRegressionSuiteRunner" time="2.992">
    <failure message="1 expectation failed.&#10;Expected status code &lt;405&gt; but was &lt;200&gt;.&#10;" type="java.lang.AssertionError"><![CDATA[java.lang.AssertionError: 
1 expectation failed.
Expected status code <405> but was <200>.

]]></failure>
  </testcase>
  <testcase name="runScenario" classname="runner.PetStoreApiRegressionSuiteRunner" time="2.739"/>
  <testcase name="runScenario" classname="runner.PetStoreApiRegressionSuiteRunner" time="4.107"/>
  <testcase name="runScenario" classname="runner.PetStoreApiRegressionSuiteRunner" time="1.524">
    <failure message="1 expectation failed.&#10;Expected status code &lt;400&gt; but was &lt;404&gt;.&#10;" type="java.lang.AssertionError"><![CDATA[java.lang.AssertionError: 
1 expectation failed.
Expected status code <400> but was <404>.

]]></failure>
  </testcase>
</testsuite>