<?xml version="1.0" encoding="UTF-8"?>
<testng-results skipped="0" failed="5" ignored="0" total="17" passed="12">
  <reporter-output>
  </reporter-output>
  <suite name="Default suite" duration-ms="47086" started-at="2024-03-31T17:40:51 AEDT" finished-at="2024-03-31T17:41:38 AEDT">
    <groups>
      <group name="cucumber">
        <method signature="AbstractTestNGCucumberTests.runScenario(io.cucumber.testng.PickleWrapper,io.cucumber.testng.FeatureWrapper)[pri:0, instance:runner.PetStoreApiRegressionSuiteRunner@41e36e46]" name="runScenario" class="io.cucumber.testng.AbstractTestNGCucumberTests"/>
      </group> <!-- cucumber -->
    </groups>
    <test name="Default test" duration-ms="47086" started-at="2024-03-31T17:40:51 AEDT" finished-at="2024-03-31T17:41:38 AEDT">
      <class name="runner.PetStoreApiRegressionSuiteRunner">
        <test-method status="PASS" signature="setUpClass(org.testng.ITestContext)[pri:0, instance:runner.PetStoreApiRegressionSuiteRunner@41e36e46]" name="setUpClass" is-config="true" duration-ms="596" started-at="2024-03-31T17:40:51 AEDT" finished-at="2024-03-31T17:40:51 AEDT">
          <params>
            <param index="0">
              <value>
                <![CDATA[org.testng.TestRunner@45c80312]]>
              </value>
            </param>
          </params>
          <reporter-output>
          </reporter-output>
        </test-method> <!-- setUpClass -->
        <test-method status="PASS" signature="runScenario(io.cucumber.testng.PickleWrapper,io.cucumber.testng.FeatureWrapper)[pri:0, instance:runner.PetStoreApiRegressionSuiteRunner@41e36e46]" name="runScenario" duration-ms="3238" started-at="2024-03-31T17:40:51 AEDT" description="Runs Cucumber Scenarios" data-provider="scenarios" finished-at="2024-03-31T17:40:55 AEDT">
          <params>
            <param index="0">
              <value>
                <![CDATA["POST - ADD A NEW PET TO THE PETSTORE - Verify a pet is successfully created with valid data"]]>
              </value>
            </param>
            <param index="1">
              <value>
                <![CDATA["Optional[SwaggerPetStore Api Regression Testing Scenarios]"]]>
              </value>
            </param>
          </params>
          <reporter-output>
          </reporter-output>
        </test-method> <!-- runScenario -->
        <test-method status="PASS" signature="runScenario(io.cucumber.testng.PickleWrapper,io.cucumber.testng.FeatureWrapper)[pri:0, instance:runner.PetStoreApiRegressionSuiteRunner@41e36e46]" name="runScenario" duration-ms="1285" started-at="2024-03-31T17:40:55 AEDT" description="Runs Cucumber Scenarios" data-provider="scenarios" finished-at="2024-03-31T17:40:56 AEDT">
          <params>
            <param index="0">
              <value>
                <![CDATA["POST - ADD A NEW PET TO THE PETSTORE - Verify a pet is successfully created with valid data"]]>
              </value>
            </param>
            <param index="1">
              <value>
                <![CDATA["Optional[SwaggerPetStore Api Regression Testing Scenarios]"]]>
              </value>
            </param>
          </params>
          <reporter-output>
          </reporter-output>
        </test-method> <!-- runScenario -->
        <test-method status="FAIL" signature="runScenario(io.cucumber.testng.PickleWrapper,io.cucumber.testng.FeatureWrapper)[pri:0, instance:runner.PetStoreApiRegressionSuiteRunner@41e36e46]" name="runScenario" duration-ms="1579" started-at="2024-03-31T17:40:56 AEDT" description="Runs Cucumber Scenarios" data-provider="scenarios" finished-at="2024-03-31T17:40:58 AEDT">
          <params>
            <param index="0">
              <value>
                <![CDATA["POST - ADD A NEW PET TO THE PETSTORE - Verify creating a pet with invalid data fails with status code 405(ADD A NEW PET TO THE PETSTORE)"]]>
              </value>
            </param>
            <param index="1">
              <value>
                <![CDATA["Optional[SwaggerPetStore Api Regression Testing Scenarios]"]]>
              </value>
            </param>
          </params>
          <exception class="java.lang.AssertionError">
            <message>
              <![CDATA[1 expectation failed.
Expected status code <405> but was <200>.
]]>
            </message>
            <full-stacktrace>
              <![CDATA[java.lang.AssertionError: 1 expectation failed.
Expected status code <405> but was <200>.

at sun.reflect.NativeConstructorAccessorImpl.newInstance0(Native Method)
at sun.reflect.NativeConstructorAccessorImpl.newInstance(NativeConstructorAccessorImpl.java:62)
at sun.reflect.DelegatingConstructorAccessorImpl.newInstance(DelegatingConstructorAccessorImpl.java:45)
at java.lang.reflect.Constructor.newInstance(Constructor.java:423)
at org.codehaus.groovy.reflection.CachedConstructor.invoke(CachedConstructor.java:73)
at org.codehaus.groovy.reflection.CachedConstructor.doConstructorInvoke(CachedConstructor.java:60)
at org.codehaus.groovy.runtime.callsite.ConstructorSite$ConstructorSiteNoUnwrap.callConstructor(ConstructorSite.java:86)
at org.codehaus.groovy.runtime.callsite.CallSiteArray.defaultCallConstructor(CallSiteArray.java:57)
at org.codehaus.groovy.runtime.callsite.AbstractCallSite.callConstructor(AbstractCallSite.java:263)
at org.codehaus.groovy.runtime.callsite.AbstractCallSite.callConstructor(AbstractCallSite.java:277)
at io.restassured.internal.ResponseSpecificationImpl$HamcrestAssertionClosure.validate(ResponseSpecificationImpl.groovy:512)
at io.restassured.internal.ResponseSpecificationImpl$HamcrestAssertionClosure$validate$1.call(Unknown Source)
at io.restassured.internal.ResponseSpecificationImpl.validateResponseIfRequired(ResponseSpecificationImpl.groovy:696)
at io.restassured.internal.ResponseSpecificationImpl.this$2$validateResponseIfRequired(ResponseSpecificationImpl.groovy)
at sun.reflect.NativeMethodAccessorImpl.invoke0(Native Method)
at sun.reflect.NativeMethodAccessorImpl.invoke(NativeMethodAccessorImpl.java:62)
at sun.reflect.DelegatingMethodAccessorImpl.invoke(DelegatingMethodAccessorImpl.java:43)
at java.lang.reflect.Method.invoke(Method.java:498)
at org.codehaus.groovy.runtime.callsite.PlainObjectMetaMethodSite.doInvoke(PlainObjectMetaMethodSite.java:43)
at org.codehaus.groovy.runtime.callsite.PogoMetaMethodSite$PogoCachedMethodSiteNoUnwrapNoCoerce.invoke(PogoMetaMethodSite.java:198)
at org.codehaus.groovy.runtime.callsite.PogoMetaMethodSite.callCurrent(PogoMetaMethodSite.java:62)
at org.codehaus.groovy.runtime.callsite.AbstractCallSite.callCurrent(AbstractCallSite.java:185)
at io.restassured.internal.ResponseSpecificationImpl.statusCode(ResponseSpecificationImpl.groovy:135)
at io.restassured.specification.ResponseSpecification$statusCode$0.callCurrent(Unknown Source)
at io.restassured.internal.ResponseSpecificationImpl.statusCode(ResponseSpecificationImpl.groovy:143)
at io.restassured.internal.ValidatableResponseOptionsImpl.statusCode(ValidatableResponseOptionsImpl.java:89)
at stepdefenitions.PetStoreApiStepDefinition.the_response_status_code_is_returned_as(PetStoreApiStepDefinition.java:49)
at ✽.The response status code is returned as 405(file:///Users/Narmatha/workspace_eclipse/PetStoreApiAutomation/src/test/java/feature/PetStoreApiRegressionSuite.feature:19)
]]>
            </full-stacktrace>
          </exception> <!-- java.lang.AssertionError -->
          <reporter-output>
          </reporter-output>
        </test-method> <!-- runScenario -->
        <test-method status="PASS" signature="runScenario(io.cucumber.testng.PickleWrapper,io.cucumber.testng.FeatureWrapper)[pri:0, instance:runner.PetStoreApiRegressionSuiteRunner@41e36e46]" name="runScenario" duration-ms="3640" started-at="2024-03-31T17:40:58 AEDT" description="Runs Cucumber Scenarios" data-provider="scenarios" finished-at="2024-03-31T17:41:01 AEDT">
          <params>
            <param index="0">
              <value>
                <![CDATA["POST - UPLOAD AN IMAGE - Verify a  url for the pet can be added successfully to the petstore a response status code 200 is returned"]]>
              </value>
            </param>
            <param index="1">
              <value>
                <![CDATA["Optional[SwaggerPetStore Api Regression Testing Scenarios]"]]>
              </value>
            </param>
          </params>
          <reporter-output>
          </reporter-output>
        </test-method> <!-- runScenario -->
        <test-method status="PASS" signature="runScenario(io.cucumber.testng.PickleWrapper,io.cucumber.testng.FeatureWrapper)[pri:0, instance:runner.PetStoreApiRegressionSuiteRunner@41e36e46]" name="runScenario" duration-ms="3096" started-at="2024-03-31T17:41:01 AEDT" description="Runs Cucumber Scenarios" data-provider="scenarios" finished-at="2024-03-31T17:41:04 AEDT">
          <params>
            <param index="0">
              <value>
                <![CDATA["PUT - UPDATE AN EXISTING PET - PET OBJECT NEEDS TO BE ADDED -  Verify the pet status can be updated successfully for a valid pet data and a response status code 200 is returned"]]>
              </value>
            </param>
            <param index="1">
              <value>
                <![CDATA["Optional[SwaggerPetStore Api Regression Testing Scenarios]"]]>
              </value>
            </param>
          </params>
          <reporter-output>
          </reporter-output>
        </test-method> <!-- runScenario -->
        <test-method status="PASS" signature="runScenario(io.cucumber.testng.PickleWrapper,io.cucumber.testng.FeatureWrapper)[pri:0, instance:runner.PetStoreApiRegressionSuiteRunner@41e36e46]" name="runScenario" duration-ms="2252" started-at="2024-03-31T17:41:04 AEDT" description="Runs Cucumber Scenarios" data-provider="scenarios" finished-at="2024-03-31T17:41:07 AEDT">
          <params>
            <param index="0">
              <value>
                <![CDATA["GET - FIND PETS BY STATUS - Verify the pet details are successfully retrieved by status and  a response status code 200 is returned"]]>
              </value>
            </param>
            <param index="1">
              <value>
                <![CDATA["Optional[SwaggerPetStore Api Regression Testing Scenarios]"]]>
              </value>
            </param>
          </params>
          <reporter-output>
          </reporter-output>
        </test-method> <!-- runScenario -->
        <test-method status="PASS" signature="runScenario(io.cucumber.testng.PickleWrapper,io.cucumber.testng.FeatureWrapper)[pri:0, instance:runner.PetStoreApiRegressionSuiteRunner@41e36e46]" name="runScenario" duration-ms="1550" started-at="2024-03-31T17:41:07 AEDT" description="Runs Cucumber Scenarios" data-provider="scenarios" finished-at="2024-03-31T17:41:08 AEDT">
          <params>
            <param index="0">
              <value>
                <![CDATA["GET - FIND PETS BY STATUS - Verify the pet details are successfully retrieved by status and  a response status code 200 is returned"]]>
              </value>
            </param>
            <param index="1">
              <value>
                <![CDATA["Optional[SwaggerPetStore Api Regression Testing Scenarios]"]]>
              </value>
            </param>
          </params>
          <reporter-output>
          </reporter-output>
        </test-method> <!-- runScenario -->
        <test-method status="PASS" signature="runScenario(io.cucumber.testng.PickleWrapper,io.cucumber.testng.FeatureWrapper)[pri:0, instance:runner.PetStoreApiRegressionSuiteRunner@41e36e46]" name="runScenario" duration-ms="1232" started-at="2024-03-31T17:41:08 AEDT" description="Runs Cucumber Scenarios" data-provider="scenarios" finished-at="2024-03-31T17:41:09 AEDT">
          <params>
            <param index="0">
              <value>
                <![CDATA["GET - FIND PETS BY STATUS - Verify the pet details are successfully retrieved by status and  a response status code 200 is returned"]]>
              </value>
            </param>
            <param index="1">
              <value>
                <![CDATA["Optional[SwaggerPetStore Api Regression Testing Scenarios]"]]>
              </value>
            </param>
          </params>
          <reporter-output>
          </reporter-output>
        </test-method> <!-- runScenario -->
        <test-method status="FAIL" signature="runScenario(io.cucumber.testng.PickleWrapper,io.cucumber.testng.FeatureWrapper)[pri:0, instance:runner.PetStoreApiRegressionSuiteRunner@41e36e46]" name="runScenario" duration-ms="1514" started-at="2024-03-31T17:41:09 AEDT" description="Runs Cucumber Scenarios" data-provider="scenarios" finished-at="2024-03-31T17:41:11 AEDT">
          <params>
            <param index="0">
              <value>
                <![CDATA["GET - FIND PETS BY STATUS - Verify the searching the pets with wrong status fails and returns error code 400 invalid status value"]]>
              </value>
            </param>
            <param index="1">
              <value>
                <![CDATA["Optional[SwaggerPetStore Api Regression Testing Scenarios]"]]>
              </value>
            </param>
          </params>
          <exception class="java.lang.AssertionError">
            <message>
              <![CDATA[1 expectation failed.
Expected status code <400> but was <200>.
]]>
            </message>
            <full-stacktrace>
              <![CDATA[java.lang.AssertionError: 1 expectation failed.
Expected status code <400> but was <200>.

at sun.reflect.NativeConstructorAccessorImpl.newInstance0(Native Method)
at sun.reflect.NativeConstructorAccessorImpl.newInstance(NativeConstructorAccessorImpl.java:62)
at sun.reflect.DelegatingConstructorAccessorImpl.newInstance(DelegatingConstructorAccessorImpl.java:45)
at java.lang.reflect.Constructor.newInstance(Constructor.java:423)
at org.codehaus.groovy.reflection.CachedConstructor.invoke(CachedConstructor.java:73)
at org.codehaus.groovy.reflection.CachedConstructor.doConstructorInvoke(CachedConstructor.java:60)
at org.codehaus.groovy.runtime.callsite.ConstructorSite$ConstructorSiteNoUnwrap.callConstructor(ConstructorSite.java:86)
at org.codehaus.groovy.runtime.callsite.AbstractCallSite.callConstructor(AbstractCallSite.java:277)
at io.restassured.internal.ResponseSpecificationImpl$HamcrestAssertionClosure.validate(ResponseSpecificationImpl.groovy:512)
at io.restassured.internal.ResponseSpecificationImpl$HamcrestAssertionClosure$validate$1.call(Unknown Source)
at io.restassured.internal.ResponseSpecificationImpl.validateResponseIfRequired(ResponseSpecificationImpl.groovy:696)
at io.restassured.internal.ResponseSpecificationImpl.this$2$validateResponseIfRequired(ResponseSpecificationImpl.groovy)
at sun.reflect.NativeMethodAccessorImpl.invoke0(Native Method)
at sun.reflect.NativeMethodAccessorImpl.invoke(NativeMethodAccessorImpl.java:62)
at sun.reflect.DelegatingMethodAccessorImpl.invoke(DelegatingMethodAccessorImpl.java:43)
at java.lang.reflect.Method.invoke(Method.java:498)
at org.codehaus.groovy.runtime.callsite.PlainObjectMetaMethodSite.doInvoke(PlainObjectMetaMethodSite.java:43)
at org.codehaus.groovy.runtime.callsite.PogoMetaMethodSite$PogoCachedMethodSiteNoUnwrapNoCoerce.invoke(PogoMetaMethodSite.java:198)
at org.codehaus.groovy.runtime.callsite.PogoMetaMethodSite.callCurrent(PogoMetaMethodSite.java:62)
at org.codehaus.groovy.runtime.callsite.AbstractCallSite.callCurrent(AbstractCallSite.java:185)
at io.restassured.internal.ResponseSpecificationImpl.statusCode(ResponseSpecificationImpl.groovy:135)
at io.restassured.specification.ResponseSpecification$statusCode$0.callCurrent(Unknown Source)
at io.restassured.internal.ResponseSpecificationImpl.statusCode(ResponseSpecificationImpl.groovy:143)
at io.restassured.internal.ValidatableResponseOptionsImpl.statusCode(ValidatableResponseOptionsImpl.java:89)
at stepdefenitions.PetStoreApiStepDefinition.the_response_status_code_is_returned_as(PetStoreApiStepDefinition.java:49)
at ✽.The response status code is returned as 400(file:///Users/Narmatha/workspace_eclipse/PetStoreApiAutomation/src/test/java/feature/PetStoreApiRegressionSuite.feature:64)
]]>
            </full-stacktrace>
          </exception> <!-- java.lang.AssertionError -->
          <reporter-output>
          </reporter-output>
        </test-method> <!-- runScenario -->
        <test-method status="PASS" signature="runScenario(io.cucumber.testng.PickleWrapper,io.cucumber.testng.FeatureWrapper)[pri:0, instance:runner.PetStoreApiRegressionSuiteRunner@41e36e46]" name="runScenario" duration-ms="2863" started-at="2024-03-31T17:41:11 AEDT" description="Runs Cucumber Scenarios" data-provider="scenarios" finished-at="2024-03-31T17:41:14 AEDT">
          <params>
            <param index="0">
              <value>
                <![CDATA["GET - FIND PET BY ID -  Verify the search for the pet with valid id is successful and a response status code 200 is returned"]]>
              </value>
            </param>
            <param index="1">
              <value>
                <![CDATA["Optional[SwaggerPetStore Api Regression Testing Scenarios]"]]>
              </value>
            </param>
          </params>
          <reporter-output>
          </reporter-output>
        </test-method> <!-- runScenario -->
        <test-method status="PASS" signature="runScenario(io.cucumber.testng.PickleWrapper,io.cucumber.testng.FeatureWrapper)[pri:0, instance:runner.PetStoreApiRegressionSuiteRunner@41e36e46]" name="runScenario" duration-ms="4199" started-at="2024-03-31T17:41:14 AEDT" description="Runs Cucumber Scenarios" data-provider="scenarios" finished-at="2024-03-31T17:41:18 AEDT">
          <params>
            <param index="0">
              <value>
                <![CDATA["GET - FIND PET BY ID - Verify the search for already deleted pet fails and returns a status code 404 Pet Not Found"]]>
              </value>
            </param>
            <param index="1">
              <value>
                <![CDATA["Optional[SwaggerPetStore Api Regression Testing Scenarios]"]]>
              </value>
            </param>
          </params>
          <reporter-output>
          </reporter-output>
        </test-method> <!-- runScenario -->
        <test-method status="FAIL" signature="runScenario(io.cucumber.testng.PickleWrapper,io.cucumber.testng.FeatureWrapper)[pri:0, instance:runner.PetStoreApiRegressionSuiteRunner@41e36e46]" name="runScenario" duration-ms="1534" started-at="2024-03-31T17:41:18 AEDT" description="Runs Cucumber Scenarios" data-provider="scenarios" finished-at="2024-03-31T17:41:20 AEDT">
          <params>
            <param index="0">
              <value>
                <![CDATA["GET - FIND PET BY ID - Verify the search for the pet with invalid id fails with status code 400 Invalid ID Supplied"]]>
              </value>
            </param>
            <param index="1">
              <value>
                <![CDATA["Optional[SwaggerPetStore Api Regression Testing Scenarios]"]]>
              </value>
            </param>
          </params>
          <exception class="java.lang.AssertionError">
            <message>
              <![CDATA[1 expectation failed.
Expected status code <400> but was <404>.
]]>
            </message>
            <full-stacktrace>
              <![CDATA[java.lang.AssertionError: 1 expectation failed.
Expected status code <400> but was <404>.

at sun.reflect.NativeConstructorAccessorImpl.newInstance0(Native Method)
at sun.reflect.NativeConstructorAccessorImpl.newInstance(NativeConstructorAccessorImpl.java:62)
at sun.reflect.DelegatingConstructorAccessorImpl.newInstance(DelegatingConstructorAccessorImpl.java:45)
at java.lang.reflect.Constructor.newInstance(Constructor.java:423)
at org.codehaus.groovy.reflection.CachedConstructor.invoke(CachedConstructor.java:73)
at org.codehaus.groovy.reflection.CachedConstructor.doConstructorInvoke(CachedConstructor.java:60)
at org.codehaus.groovy.runtime.callsite.ConstructorSite$ConstructorSiteNoUnwrap.callConstructor(ConstructorSite.java:86)
at org.codehaus.groovy.runtime.callsite.AbstractCallSite.callConstructor(AbstractCallSite.java:277)
at io.restassured.internal.ResponseSpecificationImpl$HamcrestAssertionClosure.validate(ResponseSpecificationImpl.groovy:512)
at io.restassured.internal.ResponseSpecificationImpl$HamcrestAssertionClosure$validate$1.call(Unknown Source)
at io.restassured.internal.ResponseSpecificationImpl.validateResponseIfRequired(ResponseSpecificationImpl.groovy:696)
at io.restassured.internal.ResponseSpecificationImpl.this$2$validateResponseIfRequired(ResponseSpecificationImpl.groovy)
at sun.reflect.GeneratedMethodAccessor201.invoke(Unknown Source)
at sun.reflect.DelegatingMethodAccessorImpl.invoke(DelegatingMethodAccessorImpl.java:43)
at java.lang.reflect.Method.invoke(Method.java:498)
at org.codehaus.groovy.runtime.callsite.PlainObjectMetaMethodSite.doInvoke(PlainObjectMetaMethodSite.java:43)
at org.codehaus.groovy.runtime.callsite.PogoMetaMethodSite$PogoCachedMethodSiteNoUnwrapNoCoerce.invoke(PogoMetaMethodSite.java:198)
at org.codehaus.groovy.runtime.callsite.PogoMetaMethodSite.callCurrent(PogoMetaMethodSite.java:62)
at org.codehaus.groovy.runtime.callsite.AbstractCallSite.callCurrent(AbstractCallSite.java:185)
at io.restassured.internal.ResponseSpecificationImpl.statusCode(ResponseSpecificationImpl.groovy:135)
at io.restassured.specification.ResponseSpecification$statusCode$0.callCurrent(Unknown Source)
at io.restassured.internal.ResponseSpecificationImpl.statusCode(ResponseSpecificationImpl.groovy:143)
at io.restassured.internal.ValidatableResponseOptionsImpl.statusCode(ValidatableResponseOptionsImpl.java:89)
at stepdefenitions.PetStoreApiStepDefinition.the_response_status_code_is_returned_as(PetStoreApiStepDefinition.java:49)
at ✽.The response status code is returned as 400(file:///Users/Narmatha/workspace_eclipse/PetStoreApiAutomation/src/test/java/feature/PetStoreApiRegressionSuite.feature:94)
]]>
            </full-stacktrace>
          </exception> <!-- java.lang.AssertionError -->
          <reporter-output>
          </reporter-output>
        </test-method> <!-- runScenario -->
        <test-method status="PASS" signature="runScenario(io.cucumber.testng.PickleWrapper,io.cucumber.testng.FeatureWrapper)[pri:0, instance:runner.PetStoreApiRegressionSuiteRunner@41e36e46]" name="runScenario" duration-ms="2865" started-at="2024-03-31T17:41:20 AEDT" description="Runs Cucumber Scenarios" data-provider="scenarios" finished-at="2024-03-31T17:41:22 AEDT">
          <params>
            <param index="0">
              <value>
                <![CDATA["POST - UPDATE A PET IN THE STORE WITH FORM DATA - Verify  update status of the existing pet is successful and a response status code 200 is returned"]]>
              </value>
            </param>
            <param index="1">
              <value>
                <![CDATA["Optional[SwaggerPetStore Api Regression Testing Scenarios]"]]>
              </value>
            </param>
          </params>
          <reporter-output>
          </reporter-output>
        </test-method> <!-- runScenario -->
        <test-method status="FAIL" signature="runScenario(io.cucumber.testng.PickleWrapper,io.cucumber.testng.FeatureWrapper)[pri:0, instance:runner.PetStoreApiRegressionSuiteRunner@41e36e46]" name="runScenario" duration-ms="2969" started-at="2024-03-31T17:41:22 AEDT" description="Runs Cucumber Scenarios" data-provider="scenarios" finished-at="2024-03-31T17:41:25 AEDT">
          <params>
            <param index="0">
              <value>
                <![CDATA["POST - UPDATE A PET IN THE STORE WITH FORM DATA - Verify update status of the existing pet falis when an invalid status is given  and a response status code 405 invalid input is returned"]]>
              </value>
            </param>
            <param index="1">
              <value>
                <![CDATA["Optional[SwaggerPetStore Api Regression Testing Scenarios]"]]>
              </value>
            </param>
          </params>
          <exception class="java.lang.AssertionError">
            <message>
              <![CDATA[1 expectation failed.
Expected status code <405> but was <200>.
]]>
            </message>
            <full-stacktrace>
              <![CDATA[java.lang.AssertionError: 1 expectation failed.
Expected status code <405> but was <200>.

at sun.reflect.NativeConstructorAccessorImpl.newInstance0(Native Method)
at sun.reflect.NativeConstructorAccessorImpl.newInstance(NativeConstructorAccessorImpl.java:62)
at sun.reflect.DelegatingConstructorAccessorImpl.newInstance(DelegatingConstructorAccessorImpl.java:45)
at java.lang.reflect.Constructor.newInstance(Constructor.java:423)
at org.codehaus.groovy.reflection.CachedConstructor.invoke(CachedConstructor.java:73)
at org.codehaus.groovy.reflection.CachedConstructor.doConstructorInvoke(CachedConstructor.java:60)
at org.codehaus.groovy.runtime.callsite.ConstructorSite$ConstructorSiteNoUnwrap.callConstructor(ConstructorSite.java:86)
at org.codehaus.groovy.runtime.callsite.AbstractCallSite.callConstructor(AbstractCallSite.java:277)
at io.restassured.internal.ResponseSpecificationImpl$HamcrestAssertionClosure.validate(ResponseSpecificationImpl.groovy:512)
at io.restassured.internal.ResponseSpecificationImpl$HamcrestAssertionClosure$validate$1.call(Unknown Source)
at io.restassured.internal.ResponseSpecificationImpl.validateResponseIfRequired(ResponseSpecificationImpl.groovy:696)
at io.restassured.internal.ResponseSpecificationImpl.this$2$validateResponseIfRequired(ResponseSpecificationImpl.groovy)
at sun.reflect.GeneratedMethodAccessor201.invoke(Unknown Source)
at sun.reflect.DelegatingMethodAccessorImpl.invoke(DelegatingMethodAccessorImpl.java:43)
at java.lang.reflect.Method.invoke(Method.java:498)
at org.codehaus.groovy.runtime.callsite.PlainObjectMetaMethodSite.doInvoke(PlainObjectMetaMethodSite.java:43)
at org.codehaus.groovy.runtime.callsite.PogoMetaMethodSite$PogoCachedMethodSiteNoUnwrapNoCoerce.invoke(PogoMetaMethodSite.java:198)
at org.codehaus.groovy.runtime.callsite.PogoMetaMethodSite.callCurrent(PogoMetaMethodSite.java:62)
at org.codehaus.groovy.runtime.callsite.AbstractCallSite.callCurrent(AbstractCallSite.java:185)
at io.restassured.internal.ResponseSpecificationImpl.statusCode(ResponseSpecificationImpl.groovy:135)
at io.restassured.specification.ResponseSpecification$statusCode$0.callCurrent(Unknown Source)
at io.restassured.internal.ResponseSpecificationImpl.statusCode(ResponseSpecificationImpl.groovy:143)
at io.restassured.internal.ValidatableResponseOptionsImpl.statusCode(ValidatableResponseOptionsImpl.java:89)
at stepdefenitions.PetStoreApiStepDefinition.the_response_status_code_is_returned_as(PetStoreApiStepDefinition.java:49)
at ✽.The response status code is returned as 405(file:///Users/Narmatha/workspace_eclipse/PetStoreApiAutomation/src/test/java/feature/PetStoreApiRegressionSuite.feature:117)
]]>
            </full-stacktrace>
          </exception> <!-- java.lang.AssertionError -->
          <reporter-output>
          </reporter-output>
        </test-method> <!-- runScenario -->
        <test-method status="PASS" signature="runScenario(io.cucumber.testng.PickleWrapper,io.cucumber.testng.FeatureWrapper)[pri:0, instance:runner.PetStoreApiRegressionSuiteRunner@41e36e46]" name="runScenario" duration-ms="2864" started-at="2024-03-31T17:41:25 AEDT" description="Runs Cucumber Scenarios" data-provider="scenarios" finished-at="2024-03-31T17:41:28 AEDT">
          <params>
            <param index="0">
              <value>
                <![CDATA["DELETE A PET - Verify an exisiting pet is successfully deleted and a response status code 200 is returned"]]>
              </value>
            </param>
            <param index="1">
              <value>
                <![CDATA["Optional[SwaggerPetStore Api Regression Testing Scenarios]"]]>
              </value>
            </param>
          </params>
          <reporter-output>
          </reporter-output>
        </test-method> <!-- runScenario -->
        <test-method status="PASS" signature="runScenario(io.cucumber.testng.PickleWrapper,io.cucumber.testng.FeatureWrapper)[pri:0, instance:runner.PetStoreApiRegressionSuiteRunner@41e36e46]" name="runScenario" duration-ms="4199" started-at="2024-03-31T17:41:28 AEDT" description="Runs Cucumber Scenarios" data-provider="scenarios" finished-at="2024-03-31T17:41:32 AEDT">
          <params>
            <param index="0">
              <value>
                <![CDATA["DELETE A PET -  Verify attempt to delete a pet that is already deleted falis with error code 404 pet not found"]]>
              </value>
            </param>
            <param index="1">
              <value>
                <![CDATA["Optional[SwaggerPetStore Api Regression Testing Scenarios]"]]>
              </value>
            </param>
          </params>
          <reporter-output>
          </reporter-output>
        </test-method> <!-- runScenario -->
        <test-method status="FAIL" signature="runScenario(io.cucumber.testng.PickleWrapper,io.cucumber.testng.FeatureWrapper)[pri:0, instance:runner.PetStoreApiRegressionSuiteRunner@41e36e46]" name="runScenario" duration-ms="1542" started-at="2024-03-31T17:41:32 AEDT" description="Runs Cucumber Scenarios" data-provider="scenarios" finished-at="2024-03-31T17:41:34 AEDT">
          <params>
            <param index="0">
              <value>
                <![CDATA["DELETE A PET - Verify an attempt to delete a pet with invalid id fails with error code 400 invalid id supplied"]]>
              </value>
            </param>
            <param index="1">
              <value>
                <![CDATA["Optional[SwaggerPetStore Api Regression Testing Scenarios]"]]>
              </value>
            </param>
          </params>
          <exception class="java.lang.AssertionError">
            <message>
              <![CDATA[1 expectation failed.
Expected status code <400> but was <404>.
]]>
            </message>
            <full-stacktrace>
              <![CDATA[java.lang.AssertionError: 1 expectation failed.
Expected status code <400> but was <404>.

at sun.reflect.NativeConstructorAccessorImpl.newInstance0(Native Method)
at sun.reflect.NativeConstructorAccessorImpl.newInstance(NativeConstructorAccessorImpl.java:62)
at sun.reflect.DelegatingConstructorAccessorImpl.newInstance(DelegatingConstructorAccessorImpl.java:45)
at java.lang.reflect.Constructor.newInstance(Constructor.java:423)
at org.codehaus.groovy.reflection.CachedConstructor.invoke(CachedConstructor.java:73)
at org.codehaus.groovy.reflection.CachedConstructor.doConstructorInvoke(CachedConstructor.java:60)
at org.codehaus.groovy.runtime.callsite.ConstructorSite$ConstructorSiteNoUnwrap.callConstructor(ConstructorSite.java:86)
at org.codehaus.groovy.runtime.callsite.AbstractCallSite.callConstructor(AbstractCallSite.java:277)
at io.restassured.internal.ResponseSpecificationImpl$HamcrestAssertionClosure.validate(ResponseSpecificationImpl.groovy:512)
at io.restassured.internal.ResponseSpecificationImpl$HamcrestAssertionClosure$validate$1.call(Unknown Source)
at io.restassured.internal.ResponseSpecificationImpl.validateResponseIfRequired(ResponseSpecificationImpl.groovy:696)
at io.restassured.internal.ResponseSpecificationImpl.this$2$validateResponseIfRequired(ResponseSpecificationImpl.groovy)
at sun.reflect.GeneratedMethodAccessor201.invoke(Unknown Source)
at sun.reflect.DelegatingMethodAccessorImpl.invoke(DelegatingMethodAccessorImpl.java:43)
at java.lang.reflect.Method.invoke(Method.java:498)
at org.codehaus.groovy.runtime.callsite.PlainObjectMetaMethodSite.doInvoke(PlainObjectMetaMethodSite.java:43)
at org.codehaus.groovy.runtime.callsite.PogoMetaMethodSite$PogoCachedMethodSiteNoUnwrapNoCoerce.invoke(PogoMetaMethodSite.java:198)
at org.codehaus.groovy.runtime.callsite.PogoMetaMethodSite.callCurrent(PogoMetaMethodSite.java:62)
at org.codehaus.groovy.runtime.callsite.AbstractCallSite.callCurrent(AbstractCallSite.java:185)
at io.restassured.internal.ResponseSpecificationImpl.statusCode(ResponseSpecificationImpl.groovy:135)
at io.restassured.specification.ResponseSpecification$statusCode$0.callCurrent(Unknown Source)
at io.restassured.internal.ResponseSpecificationImpl.statusCode(ResponseSpecificationImpl.groovy:143)
at io.restassured.internal.ValidatableResponseOptionsImpl.statusCode(ValidatableResponseOptionsImpl.java:89)
at stepdefenitions.PetStoreApiStepDefinition.the_response_status_code_is_returned_as(PetStoreApiStepDefinition.java:49)
at ✽.The response status code is returned as 400(file:///Users/Narmatha/workspace_eclipse/PetStoreApiAutomation/src/test/java/feature/PetStoreApiRegressionSuite.feature:151)
]]>
            </full-stacktrace>
          </exception> <!-- java.lang.AssertionError -->
          <reporter-output>
          </reporter-output>
        </test-method> <!-- runScenario -->
        <test-method status="PASS" signature="tearDownClass()[pri:0, instance:runner.PetStoreApiRegressionSuiteRunner@41e36e46]" name="tearDownClass" is-config="true" duration-ms="3953" started-at="2024-03-31T17:41:34 AEDT" finished-at="2024-03-31T17:41:38 AEDT">
          <reporter-output>
          </reporter-output>
        </test-method> <!-- tearDownClass -->
      </class> <!-- runner.PetStoreApiRegressionSuiteRunner -->
    </test> <!-- Default test -->
  </suite> <!-- Default suite -->
</testng-results>
